Using pre-set license
Built from '2020.3/release' branch; Version is '2020.3.27f1 (e759542391ea) revision 15161684'; Using compiler version '192528614'; Build Type 'Release'
OS: 'Windows 10  (10.0.19043) 64bit Core' Language: 'fr' Physical Memory: 8034 MB
BatchMode: 1, IsHumanControllingUs: 0, StartBugReporterOnCrash: 0, Is64bit: 1, IsPro: 0

COMMAND LINE ARGUMENTS:
D:\2020.3.27f1\Editor\Unity.exe
-adb2
-batchMode
-noUpm
-name
AssetImportWorker0
-projectPath
D:/Equinox/Equinox
-logFile
Logs/AssetImportWorker0.log
-srvPort
64695
Successfully changed project path to: D:/Equinox/Equinox
D:/Equinox/Equinox
Using Asset Import Pipeline V2.
Refreshing native plugins compatible for Editor in 421.27 ms, found 0 plugins.
Preloading 0 native plugins for Editor in 0.00 ms.
Initialize engine version: 2020.3.27f1 (e759542391ea)
[Subsystems] Discovering subsystems at path D:/2020.3.27f1/Editor/Data/Resources/UnitySubsystems
[Subsystems] Discovering subsystems at path D:/Equinox/Equinox/Assets
GfxDevice: creating device client; threaded=0
Direct3D:
    Version:  Direct3D 11.0 [level 11.1]
    Renderer: NVIDIA GeForce MX150 (ID=0x1d12)
    Vendor:   
    VRAM:     1983 MB
    Driver:   24.21.13.9910
Initialize mono
Mono path[0] = 'D:/2020.3.27f1/Editor/Data/Managed'
Mono path[1] = 'D:/2020.3.27f1/Editor/Data/MonoBleedingEdge/lib/mono/unityjit'
Mono config path = 'D:/2020.3.27f1/Editor/Data/MonoBleedingEdge/etc'
Using monoOptions --debugger-agent=transport=dt_socket,embedding=1,server=y,suspend=n,address=127.0.0.1:56572
Begin MonoManager ReloadAssembly
Registering precompiled unity dll's ...
Register platform support module: D:/2020.3.27f1/Editor/Data/PlaybackEngines/WebGLSupport/UnityEditor.WebGL.Extensions.dll
Register platform support module: D:/2020.3.27f1/Editor/Data/PlaybackEngines/WindowsStandaloneSupport/UnityEditor.WindowsStandalone.Extensions.dll
Registered in 0.015281 seconds.
Native extension for WindowsStandalone target not found
Native extension for WebGL target not found
Refreshing native plugins compatible for Editor in 217.64 ms, found 0 plugins.
Preloading 0 native plugins for Editor in 0.00 ms.
Mono: successfully reloaded assembly
- Completed reload, in  2.129 seconds
Domain Reload Profiling:
	ReloadAssembly (2130ms)
		BeginReloadAssembly (309ms)
			ExecutionOrderSort (0ms)
			DisableScriptedObjects (0ms)
			BackupInstance (0ms)
			ReleaseScriptingObjects (0ms)
			CreateAndSetChildDomain (3ms)
		EndReloadAssembly (1604ms)
			LoadAssemblies (307ms)
			RebuildTransferFunctionScriptingTraits (0ms)
			SetupTypeCache (466ms)
			ReleaseScriptCaches (0ms)
			RebuildScriptCaches (87ms)
			SetupLoadedEditorAssemblies (806ms)
				LogAssemblyErrors (0ms)
				InitializePlatformSupportModulesInManaged (16ms)
				SetLoadedEditorAssemblies (1ms)
				RefreshPlugins (218ms)
				BeforeProcessingInitializeOnLoad (47ms)
				ProcessInitializeOnLoadAttributes (403ms)
				ProcessInitializeOnLoadMethodAttributes (121ms)
				AfterProcessingInitializeOnLoad (0ms)
				EditorAssembliesLoaded (1ms)
			ExecutionOrderSort2 (0ms)
			AwakeInstancesAfterBackupRestoration (0ms)
Platform modules already initialized, skipping
Registering precompiled user dll's ...
Registered in 0.026742 seconds.
Begin MonoManager ReloadAssembly
Native extension for WindowsStandalone target not found
Native extension for WebGL target not found
Refreshing native plugins compatible for Editor in 194.66 ms, found 0 plugins.
Preloading 0 native plugins for Editor in 0.00 ms.
Mono: successfully reloaded assembly
- Completed reload, in  4.621 seconds
Domain Reload Profiling:
	ReloadAssembly (4622ms)
		BeginReloadAssembly (434ms)
			ExecutionOrderSort (0ms)
			DisableScriptedObjects (13ms)
			BackupInstance (0ms)
			ReleaseScriptingObjects (0ms)
			CreateAndSetChildDomain (45ms)
		EndReloadAssembly (4056ms)
			LoadAssemblies (348ms)
			RebuildTransferFunctionScriptingTraits (0ms)
			SetupTypeCache (830ms)
			ReleaseScriptCaches (1ms)
			RebuildScriptCaches (195ms)
			SetupLoadedEditorAssemblies (2389ms)
				LogAssemblyErrors (0ms)
				InitializePlatformSupportModulesInManaged (14ms)
				SetLoadedEditorAssemblies (1ms)
				RefreshPlugins (195ms)
				BeforeProcessingInitializeOnLoad (262ms)
				ProcessInitializeOnLoadAttributes (1898ms)
				ProcessInitializeOnLoadMethodAttributes (12ms)
				AfterProcessingInitializeOnLoad (6ms)
				EditorAssembliesLoaded (1ms)
			ExecutionOrderSort2 (0ms)
			AwakeInstancesAfterBackupRestoration (16ms)
Platform modules already initialized, skipping
========================================================================
Worker process is ready to serve import requests
Launched and connected shader compiler UnityShaderCompiler.exe after 0.26 seconds
Refreshing native plugins compatible for Editor in 1.77 ms, found 0 plugins.
Preloading 0 native plugins for Editor in 0.00 ms.
Unloading 3844 Unused Serialized files (Serialized files now loaded: 0)
System memory in use before: 190.6 MB.
System memory in use after: 190.8 MB.

Unloading 23 unused Assets to reduce memory usage. Loaded Objects now: 4297.
Total: 7.826800 ms (FindLiveObjects: 0.658700 ms CreateObjectMapping: 0.442100 ms MarkObjects: 6.455000 ms  DeleteObjects: 0.269400 ms)

AssetImportParameters requested are different than current active one (requested -> active):
  custom:framework-win-MediaFoundation: 216162199b28c13a410421893ffa2e32 -> 
  custom:video-decoder-ogg-theora: a1e56fd34408186e4bbccfd4996cb3dc -> 
  custom:container-muxer-webm: aa71ff27fc2769a1b78a27578f13a17b -> 
  custom:container-demuxer-webm: 4f35f7cbe854078d1ac9338744f61a02 -> 
  custom:container-demuxer-ogg: 62fdf1f143b41e24485cea50d1cbac27 -> 
  custom:video-encoder-webm-vp8: eb34c28f22e8b96e1ab97ce403110664 -> 
  custom:video-decoder-webm-vp8: 9c59270c3fd7afecdb556c50c9e8de78 -> 
  custom:audio-decoder-ogg-vorbis: bf7c407c2cedff20999df2af8eb42d56 -> 
  custom:audio-encoder-webm-vorbis: bf7c407c2cedff20999df2af8eb42d56 -> 
========================================================================
Received Import Request.
  path: Assets/Prefab Item/Arme
  artifactKey: Guid(a66e6a33a3a15f443b570103f2836fcf) Importer(815301076,1909f56bfc062723c751e8b465ee728b)
Start importing Assets/Prefab Item/Arme using Guid(a66e6a33a3a15f443b570103f2836fcf) Importer(815301076,1909f56bfc062723c751e8b465ee728b)  -> (artifact id: 'b0f5ff312505788d202e92e20d260a23') in 0.018103 seconds 
  Import took 0.030682 seconds .

========================================================================
Received Import Request.
  Time since last request: 1224.396375 seconds.
  path: Assets/Prefab Item/Arme/Dual Blade.fbx
  artifactKey: Guid(e0e83502f23737944851e216ff579d50) Importer(815301076,1909f56bfc062723c751e8b465ee728b)
Start importing Assets/Prefab Item/Arme/Dual Blade.fbx using Guid(e0e83502f23737944851e216ff579d50) Importer(815301076,1909f56bfc062723c751e8b465ee728b)  -> (artifact id: 'b5cda4814037f0e5c1b591551c515a49') in 1.925319 seconds 
  Import took 1.963882 seconds .

========================================================================
Received Import Request.
  Time since last request: 535.155883 seconds.
  path: Assets/Prefab Item/Arme/armor-plating1_height.png
  artifactKey: Guid(631661a12e5d5464ba0d91f9cc971723) Importer(815301076,1909f56bfc062723c751e8b465ee728b)
Start importing Assets/Prefab Item/Arme/armor-plating1_height.png using Guid(631661a12e5d5464ba0d91f9cc971723) Importer(815301076,1909f56bfc062723c751e8b465ee728b)  -> (artifact id: 'd48fe8ca222ff8fe02b7038ba1570fc1') in 0.113272 seconds 
  Import took 0.134036 seconds .

========================================================================
Received Import Request.
  Time since last request: 8.022381 seconds.
  path: Assets/Prefab Item/Arme/mat.mat
  artifactKey: Guid(0b16f61da782361449a976539d7c7e62) Importer(815301076,1909f56bfc062723c751e8b465ee728b)
Start importing Assets/Prefab Item/Arme/mat.mat using Guid(0b16f61da782361449a976539d7c7e62) Importer(815301076,1909f56bfc062723c751e8b465ee728b)  -> (artifact id: 'dca7b11218942605cc7ad6b584bba859') in 0.070248 seconds 
  Import took 0.085482 seconds .

========================================================================
Received Import Request.
  Time since last request: 6.462612 seconds.
  path: Assets/Prefab Item/Arme/blade mat.mat
  artifactKey: Guid(0b16f61da782361449a976539d7c7e62) Importer(815301076,1909f56bfc062723c751e8b465ee728b)
Start importing Assets/Prefab Item/Arme/blade mat.mat using Guid(0b16f61da782361449a976539d7c7e62) Importer(815301076,1909f56bfc062723c751e8b465ee728b)  -> (artifact id: 'e4b612ed54a089a7935f058f98a32897') in 0.048472 seconds 
  Import took 0.065751 seconds .

========================================================================
Received Import Request.
  Time since last request: 120.717650 seconds.
  path: Assets/Prefab Item/Arme/couteau-d-office-lame-pointue.png
  artifactKey: Guid(c83e7288ac6047a49a5a10e54ee5597b) Importer(815301076,1909f56bfc062723c751e8b465ee728b)
Start importing Assets/Prefab Item/Arme/couteau-d-office-lame-pointue.png using Guid(c83e7288ac6047a49a5a10e54ee5597b) Importer(815301076,1909f56bfc062723c751e8b465ee728b)  -> (artifact id: '72ceb9341adc5f6e42e001ced0d6bbe3') in 0.047420 seconds 
  Import took 0.082610 seconds .

========================================================================
Received Import Request.
  Time since last request: 6.044000 seconds.
  path: Assets/Prefab Item/Arme/couteau-d-office-lame-pointue.png
  artifactKey: Guid(c83e7288ac6047a49a5a10e54ee5597b) Importer(815301076,1909f56bfc062723c751e8b465ee728b)
Start importing Assets/Prefab Item/Arme/couteau-d-office-lame-pointue.png using Guid(c83e7288ac6047a49a5a10e54ee5597b) Importer(815301076,1909f56bfc062723c751e8b465ee728b)  -> (artifact id: 'e77ebaebd48234ef6c49735580466947') in 0.092514 seconds 
  Import took 0.110111 seconds .

========================================================================
Received Import Request.
  Time since last request: 70.005783 seconds.
  path: Assets/Prefab Item/Arme/blade mat.mat
  artifactKey: Guid(0b16f61da782361449a976539d7c7e62) Importer(815301076,1909f56bfc062723c751e8b465ee728b)
Start importing Assets/Prefab Item/Arme/blade mat.mat using Guid(0b16f61da782361449a976539d7c7e62) Importer(815301076,1909f56bfc062723c751e8b465ee728b)  -> (artifact id: 'cb1fc5fd7f26eb449bb51c33cc77a3f2') in 0.122966 seconds 
  Import took 0.150035 seconds .

========================================================================
Received Prepare
Registering precompiled user dll's ...
Registered in 0.411564 seconds.
Begin MonoManager ReloadAssembly
Native extension for WindowsStandalone target not found
Native extension for WebGL target not found
Refreshing native plugins compatible for Editor in 1.89 ms, found 0 plugins.
Preloading 0 native plugins for Editor in 0.00 ms.
Mono: successfully reloaded assembly
- Completed reload, in  4.207 seconds
Domain Reload Profiling:
	ReloadAssembly (4208ms)
		BeginReloadAssembly (615ms)
			ExecutionOrderSort (0ms)
			DisableScriptedObjects (43ms)
			BackupInstance (0ms)
			ReleaseScriptingObjects (0ms)
			CreateAndSetChildDomain (213ms)
		EndReloadAssembly (3479ms)
			LoadAssemblies (262ms)
			RebuildTransferFunctionScriptingTraits (0ms)
			SetupTypeCache (1170ms)
			ReleaseScriptCaches (3ms)
			RebuildScriptCaches (226ms)
			SetupLoadedEditorAssemblies (1352ms)
				LogAssemblyErrors (0ms)
				InitializePlatformSupportModulesInManaged (12ms)
				SetLoadedEditorAssemblies (1ms)
				RefreshPlugins (2ms)
				BeforeProcessingInitializeOnLoad (244ms)
				ProcessInitializeOnLoadAttributes (1074ms)
				ProcessInitializeOnLoadMethodAttributes (11ms)
				AfterProcessingInitializeOnLoad (6ms)
				EditorAssembliesLoaded (1ms)
			ExecutionOrderSort2 (0ms)
			AwakeInstancesAfterBackupRestoration (29ms)
Platform modules already initialized, skipping
Refreshing native plugins compatible for Editor in 1.82 ms, found 0 plugins.
Preloading 0 native plugins for Editor in 0.00 ms.
Unloading 3660 Unused Serialized files (Serialized files now loaded: 0)
System memory in use before: 181.9 MB.
System memory in use after: 182.1 MB.

Unloading 17 unused Assets to reduce memory usage. Loaded Objects now: 4382.
Total: 19.245700 ms (FindLiveObjects: 1.156200 ms CreateObjectMapping: 0.832200 ms MarkObjects: 16.870500 ms  DeleteObjects: 0.380900 ms)

AssetImportParameters requested are different than current active one (requested -> active):
  custom:framework-win-MediaFoundation: 216162199b28c13a410421893ffa2e32 -> 
  custom:video-decoder-ogg-theora: a1e56fd34408186e4bbccfd4996cb3dc -> 
  custom:container-muxer-webm: aa71ff27fc2769a1b78a27578f13a17b -> 
  custom:container-demuxer-webm: 4f35f7cbe854078d1ac9338744f61a02 -> 
  custom:container-demuxer-ogg: 62fdf1f143b41e24485cea50d1cbac27 -> 
  custom:video-encoder-webm-vp8: eb34c28f22e8b96e1ab97ce403110664 -> 
  custom:video-decoder-webm-vp8: 9c59270c3fd7afecdb556c50c9e8de78 -> 
  custom:audio-decoder-ogg-vorbis: bf7c407c2cedff20999df2af8eb42d56 -> 
  custom:audio-encoder-webm-vorbis: bf7c407c2cedff20999df2af8eb42d56 -> 
========================================================================
Received Import Request.
  Time since last request: 426.295922 seconds.
  path: Assets/Prefab Item/Arme/Gun.prefab
  artifactKey: Guid(55d6642108948fb44bb46806a48783df) Importer(815301076,1909f56bfc062723c751e8b465ee728b)
Start importing Assets/Prefab Item/Arme/Gun.prefab using Guid(55d6642108948fb44bb46806a48783df) Importer(815301076,1909f56bfc062723c751e8b465ee728b)  -> (artifact id: 'ee0d5c644595d8970e83f44aa220b1ea') in 1.608759 seconds 
  Import took 1.641983 seconds .

========================================================================
Received Import Request.
  Time since last request: 8.814311 seconds.
  path: Assets/Prefab Item/Arme/blade
  artifactKey: Guid(e8d4ba605b86d7e4ba5a85463a8c1e03) Importer(815301076,1909f56bfc062723c751e8b465ee728b)
Start importing Assets/Prefab Item/Arme/blade using Guid(e8d4ba605b86d7e4ba5a85463a8c1e03) Importer(815301076,1909f56bfc062723c751e8b465ee728b)  -> (artifact id: '21ef2087e56a570a5b77799140ef1276') in 0.013000 seconds 
  Import took 0.029331 seconds .

========================================================================
Received Import Request.
  Time since last request: 10.081086 seconds.
  path: Assets/Prefab Item/Arme/Gun
  artifactKey: Guid(9ec1d37d657026146b33dd0a6d69ed76) Importer(815301076,1909f56bfc062723c751e8b465ee728b)
Start importing Assets/Prefab Item/Arme/Gun using Guid(9ec1d37d657026146b33dd0a6d69ed76) Importer(815301076,1909f56bfc062723c751e8b465ee728b)  -> (artifact id: 'cdb17158fb1c4ad82a4970ea4c2bc265') in 0.005709 seconds 
  Import took 0.021119 seconds .

========================================================================
Received Import Request.
  Time since last request: 0.859465 seconds.
  path: Assets/Prefab Item/Arme/materials
  artifactKey: Guid(55f2344b2d9d1e54ca3865924fccbffc) Importer(815301076,1909f56bfc062723c751e8b465ee728b)
Start importing Assets/Prefab Item/Arme/materials using Guid(55f2344b2d9d1e54ca3865924fccbffc) Importer(815301076,1909f56bfc062723c751e8b465ee728b)  -> (artifact id: 'cd59c38810fc78ca0cbe85e588a5c0c7') in 0.016733 seconds 
  Import took 0.034265 seconds .

========================================================================
Received Import Request.
  Time since last request: 16.473949 seconds.
  path: Assets/Prefab Item/Arme/Gun/Gun.prefab
  artifactKey: Guid(137c3216da594934c8725724f45c1be2) Importer(815301076,1909f56bfc062723c751e8b465ee728b)
Start importing Assets/Prefab Item/Arme/Gun/Gun.prefab using Guid(137c3216da594934c8725724f45c1be2) Importer(815301076,1909f56bfc062723c751e8b465ee728b)  -> (artifact id: '1b6432dc028cddbe1b2d6e9533f7030e') in 0.409559 seconds 
  Import took 0.435954 seconds .

========================================================================
Received Import Request.
  Time since last request: 3.740057 seconds.
  path: Assets/Prefab Item/Arme/license.txt
  artifactKey: Guid(af3a2e88acbbfbb4a9caa4300e0837d0) Importer(815301076,1909f56bfc062723c751e8b465ee728b)
Start importing Assets/Prefab Item/Arme/license.txt using Guid(af3a2e88acbbfbb4a9caa4300e0837d0) Importer(815301076,1909f56bfc062723c751e8b465ee728b)  -> (artifact id: '11a310f2d80838e5523eca8db613e13e') in 0.074624 seconds 
  Import took 0.101594 seconds .

========================================================================
Received Import Request.
  Time since last request: 10.003052 seconds.
  path: Assets/Prefab Item/Arme/Gun/textures
  artifactKey: Guid(13da3b95ca90e34498cc8ab26774218e) Importer(815301076,1909f56bfc062723c751e8b465ee728b)
Start importing Assets/Prefab Item/Arme/Gun/textures using Guid(13da3b95ca90e34498cc8ab26774218e) Importer(815301076,1909f56bfc062723c751e8b465ee728b)  -> (artifact id: 'c62787eb7df154bbac2862265d4418e1') in 0.018747 seconds 
  Import took 0.042482 seconds .

========================================================================
Received Import Request.
  Time since last request: 0.000760 seconds.
  path: Assets/Prefab Item/Arme/Gun/textures/Steel_metallicRoughness_1_occlusion.png
  artifactKey: Guid(ee5c8ac8fe45252468fd42a52bfe9f1f) Importer(815301076,1909f56bfc062723c751e8b465ee728b)
Start importing Assets/Prefab Item/Arme/Gun/textures/Steel_metallicRoughness_1_occlusion.png using Guid(ee5c8ac8fe45252468fd42a52bfe9f1f) Importer(815301076,1909f56bfc062723c751e8b465ee728b)  -> (artifact id: '02083884c8a02764dbb65204acf8ac56') in 0.052326 seconds 
  Import took 0.075058 seconds .

========================================================================
Received Import Request.
  Time since last request: 0.000475 seconds.
  path: Assets/Prefab Item/Arme/Gun/textures/Steel_metallicRoughness_1.png
  artifactKey: Guid(5ca9d9baf0098e2409485d43e1c42fc0) Importer(815301076,1909f56bfc062723c751e8b465ee728b)
Start importing Assets/Prefab Item/Arme/Gun/textures/Steel_metallicRoughness_1.png using Guid(5ca9d9baf0098e2409485d43e1c42fc0) Importer(815301076,1909f56bfc062723c751e8b465ee728b)  -> (artifact id: '63c18e57d4850b3aa101df543af6594c') in 0.050068 seconds 
  Import took 0.075461 seconds .

========================================================================
Received Import Request.
  Time since last request: 0.000902 seconds.
  path: Assets/Prefab Item/Arme/Gun/textures/Steel_normal_2.png
  artifactKey: Guid(38583916ad2d7a449bd1b41fbb3e178c) Importer(815301076,1909f56bfc062723c751e8b465ee728b)
Start importing Assets/Prefab Item/Arme/Gun/textures/Steel_normal_2.png using Guid(38583916ad2d7a449bd1b41fbb3e178c) Importer(815301076,1909f56bfc062723c751e8b465ee728b)  -> (artifact id: 'f19400e32f62124ce12d884d64ccfdbe') in 0.077882 seconds 
  Import took 0.107037 seconds .

========================================================================
Received Import Request.
  Time since last request: 0.000806 seconds.
  path: Assets/Prefab Item/Arme/Gun/textures/Steel_baseColor_0.png
  artifactKey: Guid(dcc4dd11d67e5904d9610f8007a68d39) Importer(815301076,1909f56bfc062723c751e8b465ee728b)
Start importing Assets/Prefab Item/Arme/Gun/textures/Steel_baseColor_0.png using Guid(dcc4dd11d67e5904d9610f8007a68d39) Importer(815301076,1909f56bfc062723c751e8b465ee728b)  -> (artifact id: '3f64a54e2c1be3cd65e0ae799ea7f330') in 0.063329 seconds 
  Import took 0.091159 seconds .

========================================================================
Received Import Request.
  Time since last request: 0.000867 seconds.
  path: Assets/Prefab Item/Arme/Gun/textures/Steel_metallicRoughness_1_metal.png
  artifactKey: Guid(8412f50399525a245ab1dddab0500217) Importer(815301076,1909f56bfc062723c751e8b465ee728b)
Start importing Assets/Prefab Item/Arme/Gun/textures/Steel_metallicRoughness_1_metal.png using Guid(8412f50399525a245ab1dddab0500217) Importer(815301076,1909f56bfc062723c751e8b465ee728b)  -> (artifact id: '434f0a4c326e8aa5aaa35ed096aad013') in 0.060955 seconds 
  Import took 0.092608 seconds .

========================================================================
Received Import Request.
  Time since last request: 2.437950 seconds.
  path: Assets/Prefab Item/Arme/Gun/meshes
  artifactKey: Guid(ecc5a4329207617499b7214d3b470815) Importer(815301076,1909f56bfc062723c751e8b465ee728b)
Start importing Assets/Prefab Item/Arme/Gun/meshes using Guid(ecc5a4329207617499b7214d3b470815) Importer(815301076,1909f56bfc062723c751e8b465ee728b)  -> (artifact id: '539b6975d887fd9882be459456249fd9') in 0.032581 seconds 
  Import took 0.060214 seconds .

========================================================================
Received Import Request.
  Time since last request: 0.000961 seconds.
  path: Assets/Prefab Item/Arme/Gun/meshes/defaultMaterial_11_0.asset
  artifactKey: Guid(100673e84eba71b418435db8461e0ba3) Importer(815301076,1909f56bfc062723c751e8b465ee728b)
Start importing Assets/Prefab Item/Arme/Gun/meshes/defaultMaterial_11_0.asset using Guid(100673e84eba71b418435db8461e0ba3) Importer(815301076,1909f56bfc062723c751e8b465ee728b)  -> (artifact id: 'a59dd5081d9fa6e07794b17155a2a635') in 0.128836 seconds 
  Import took 0.155590 seconds .

========================================================================
Received Import Request.
  Time since last request: 0.000834 seconds.
  path: Assets/Prefab Item/Arme/Gun/meshes/defaultMaterial_13_0.asset
  artifactKey: Guid(fce116133ac1b6140b28b72d13c3ee64) Importer(815301076,1909f56bfc062723c751e8b465ee728b)
Start importing Assets/Prefab Item/Arme/Gun/meshes/defaultMaterial_13_0.asset using Guid(fce116133ac1b6140b28b72d13c3ee64) Importer(815301076,1909f56bfc062723c751e8b465ee728b)  -> (artifact id: 'a8da323136750b27f97004fe6fc3cca9') in 0.059718 seconds 
  Import took 0.089928 seconds .

========================================================================
Received Import Request.
  Time since last request: 0.001068 seconds.
  path: Assets/Prefab Item/Arme/Gun/meshes/defaultMaterial_14_0.asset
  artifactKey: Guid(1192f269b9a303a418768ef4c521123c) Importer(815301076,1909f56bfc062723c751e8b465ee728b)
Start importing Assets/Prefab Item/Arme/Gun/meshes/defaultMaterial_14_0.asset using Guid(1192f269b9a303a418768ef4c521123c) Importer(815301076,1909f56bfc062723c751e8b465ee728b)  -> (artifact id: '9e311fd0a071da827d00ae64b93b1621') in 0.230845 seconds 
  Import took 0.253629 seconds .

========================================================================
Received Import Request.
  Time since last request: 0.000802 seconds.
  path: Assets/Prefab Item/Arme/Gun/meshes/defaultMaterial_20_0.asset
  artifactKey: Guid(4734b5039edfd424dbd2addd0442a86a) Importer(815301076,1909f56bfc062723c751e8b465ee728b)
Start importing Assets/Prefab Item/Arme/Gun/meshes/defaultMaterial_20_0.asset using Guid(4734b5039edfd424dbd2addd0442a86a) Importer(815301076,1909f56bfc062723c751e8b465ee728b)  -> (artifact id: '8e4b2efaa9edd79d57d6157a779efd4a') in 0.095778 seconds 
  Import took 0.121542 seconds .

========================================================================
Received Import Request.
  Time since last request: 0.000762 seconds.
  path: Assets/Prefab Item/Arme/Gun/meshes/defaultMaterial_15_0.asset
  artifactKey: Guid(e7ad8ac5e31367048ac0f40608cdaf4d) Importer(815301076,1909f56bfc062723c751e8b465ee728b)
Start importing Assets/Prefab Item/Arme/Gun/meshes/defaultMaterial_15_0.asset using Guid(e7ad8ac5e31367048ac0f40608cdaf4d) Importer(815301076,1909f56bfc062723c751e8b465ee728b)  -> (artifact id: '2a9de26a2b608636cce9b29bb2b75445') in 0.095791 seconds 
  Import took 0.120880 seconds .

========================================================================
Received Import Request.
  Time since last request: 0.000688 seconds.
  path: Assets/Prefab Item/Arme/Gun/meshes/defaultMaterial_21_0.asset
  artifactKey: Guid(5b4b5a61643a30042a9a707c708586f8) Importer(815301076,1909f56bfc062723c751e8b465ee728b)
Start importing Assets/Prefab Item/Arme/Gun/meshes/defaultMaterial_21_0.asset using Guid(5b4b5a61643a30042a9a707c708586f8) Importer(815301076,1909f56bfc062723c751e8b465ee728b)  -> (artifact id: 'a431723f39fa282657bf67eb5225c795') in 0.059335 seconds 
  Import took 0.085492 seconds .

========================================================================
Received Import Request.
  Time since last request: 0.000847 seconds.
  path: Assets/Prefab Item/Arme/Gun/meshes/defaultMaterial_23_0.asset
  artifactKey: Guid(5b417bb0e27eba645ae64a2bc047d7de) Importer(815301076,1909f56bfc062723c751e8b465ee728b)
Start importing Assets/Prefab Item/Arme/Gun/meshes/defaultMaterial_23_0.asset using Guid(5b417bb0e27eba645ae64a2bc047d7de) Importer(815301076,1909f56bfc062723c751e8b465ee728b)  -> (artifact id: '40c72ad2887283e8ab3a38ba86f38bf3') in 0.061786 seconds 
  Import took 0.088961 seconds .

========================================================================
Received Import Request.
  Time since last request: 0.001016 seconds.
  path: Assets/Prefab Item/Arme/Gun/meshes/defaultMaterial_18_0.asset
  artifactKey: Guid(50eb79a5a24cb114d8678155a301da91) Importer(815301076,1909f56bfc062723c751e8b465ee728b)
Start importing Assets/Prefab Item/Arme/Gun/meshes/defaultMaterial_18_0.asset using Guid(50eb79a5a24cb114d8678155a301da91) Importer(815301076,1909f56bfc062723c751e8b465ee728b)  -> (artifact id: '2764131702a8eff23848a9360a1b29ee') in 0.061564 seconds 
  Import took 0.088433 seconds .

========================================================================
Received Import Request.
  Time since last request: 0.000669 seconds.
  path: Assets/Prefab Item/Arme/Gun/meshes/defaultMaterial_19_0.asset
  artifactKey: Guid(970ef99e9d60fcb4cae26e2b10e041fe) Importer(815301076,1909f56bfc062723c751e8b465ee728b)
Start importing Assets/Prefab Item/Arme/Gun/meshes/defaultMaterial_19_0.asset using Guid(970ef99e9d60fcb4cae26e2b10e041fe) Importer(815301076,1909f56bfc062723c751e8b465ee728b)  -> (artifact id: '3a35ded90508cc8c1d78aa5d94d484fb') in 0.078424 seconds 
  Import took 0.100065 seconds .

========================================================================
Received Import Request.
  Time since last request: 0.000738 seconds.
  path: Assets/Prefab Item/Arme/Gun/meshes/defaultMaterial_2_0.asset
  artifactKey: Guid(7bfa9f6e1f946ba48a8d627dd04b6574) Importer(815301076,1909f56bfc062723c751e8b465ee728b)
Start importing Assets/Prefab Item/Arme/Gun/meshes/defaultMaterial_2_0.asset using Guid(7bfa9f6e1f946ba48a8d627dd04b6574) Importer(815301076,1909f56bfc062723c751e8b465ee728b)  -> (artifact id: 'bf96f2c6e13dd8ad1c883aaecca249b5') in 0.063215 seconds 
  Import took 0.089273 seconds .

========================================================================
Received Import Request.
  Time since last request: 0.000721 seconds.
  path: Assets/Prefab Item/Arme/Gun/meshes/defaultMaterial_9_0.asset
  artifactKey: Guid(dc9ed7faf7e441c499ce273d5fb9c864) Importer(815301076,1909f56bfc062723c751e8b465ee728b)
Start importing Assets/Prefab Item/Arme/Gun/meshes/defaultMaterial_9_0.asset using Guid(dc9ed7faf7e441c499ce273d5fb9c864) Importer(815301076,1909f56bfc062723c751e8b465ee728b)  -> (artifact id: '539a5386819c3cd2d56be7d5949b5e19') in 0.104580 seconds 
  Import took 0.128002 seconds .

========================================================================
Received Import Request.
  Time since last request: 0.000696 seconds.
  path: Assets/Prefab Item/Arme/Gun/meshes/defaultMaterial_17_0.asset
  artifactKey: Guid(27114318513827a46bdd3ab5dd231c4c) Importer(815301076,1909f56bfc062723c751e8b465ee728b)
Start importing Assets/Prefab Item/Arme/Gun/meshes/defaultMaterial_17_0.asset using Guid(27114318513827a46bdd3ab5dd231c4c) Importer(815301076,1909f56bfc062723c751e8b465ee728b)  -> (artifact id: '56407a4963f9844021ed63dfd2a1efbc') in 0.105334 seconds 
  Import took 0.129428 seconds .

========================================================================
Received Import Request.
  Time since last request: 0.000727 seconds.
  path: Assets/Prefab Item/Arme/Gun/meshes/defaultMaterial_16_0.asset
  artifactKey: Guid(4a30a2300a2664f4d88263eda632ebcd) Importer(815301076,1909f56bfc062723c751e8b465ee728b)
Start importing Assets/Prefab Item/Arme/Gun/meshes/defaultMaterial_16_0.asset using Guid(4a30a2300a2664f4d88263eda632ebcd) Importer(815301076,1909f56bfc062723c751e8b465ee728b)  -> (artifact id: '5fe44892973b520a25cf112355706489') in 0.081443 seconds 
  Import took 0.103824 seconds .

========================================================================
Received Import Request.
  Time since last request: 0.000821 seconds.
  path: Assets/Prefab Item/Arme/Gun/meshes/defaultMaterial_1_0.asset
  artifactKey: Guid(29a868437f5a7764ea2293abef2a5aaa) Importer(815301076,1909f56bfc062723c751e8b465ee728b)
Start importing Assets/Prefab Item/Arme/Gun/meshes/defaultMaterial_1_0.asset using Guid(29a868437f5a7764ea2293abef2a5aaa) Importer(815301076,1909f56bfc062723c751e8b465ee728b)  -> (artifact id: 'a468741af19f3f9a9bdeca444d9d9da2') in 0.089587 seconds 
  Import took 0.112003 seconds .

========================================================================
Received Import Request.
  Time since last request: 0.000658 seconds.
  path: Assets/Prefab Item/Arme/Gun/meshes/defaultMaterial_24_0.asset
  artifactKey: Guid(e8d1857b4dabb6a419b0eff1c877e2b9) Importer(815301076,1909f56bfc062723c751e8b465ee728b)
Start importing Assets/Prefab Item/Arme/Gun/meshes/defaultMaterial_24_0.asset using Guid(e8d1857b4dabb6a419b0eff1c877e2b9) Importer(815301076,1909f56bfc062723c751e8b465ee728b)  -> (artifact id: 'b384c15f4dbdcf5c5c021c463f526ec3') in 0.066607 seconds 
  Import took 0.086077 seconds .

========================================================================
Received Import Request.
  Time since last request: 0.000594 seconds.
  path: Assets/Prefab Item/Arme/Gun/meshes/defaultMaterial_5_0.asset
  artifactKey: Guid(f67375c472510054f861b4617b2a73aa) Importer(815301076,1909f56bfc062723c751e8b465ee728b)
Start importing Assets/Prefab Item/Arme/Gun/meshes/defaultMaterial_5_0.asset using Guid(f67375c472510054f861b4617b2a73aa) Importer(815301076,1909f56bfc062723c751e8b465ee728b)  -> (artifact id: 'd7142cc4446a8e1f8d2803860ee8a1ac') in 0.052581 seconds 
  Import took 0.078681 seconds .

========================================================================
Received Import Request.
  Time since last request: 0.000814 seconds.
  path: Assets/Prefab Item/Arme/Gun/meshes/defaultMaterial_6_0.asset
  artifactKey: Guid(300f691178d878045a1fa0ab7053feac) Importer(815301076,1909f56bfc062723c751e8b465ee728b)
Start importing Assets/Prefab Item/Arme/Gun/meshes/defaultMaterial_6_0.asset using Guid(300f691178d878045a1fa0ab7053feac) Importer(815301076,1909f56bfc062723c751e8b465ee728b)  -> (artifact id: '68027092c0795c8c118862b97d386d49') in 0.065918 seconds 
  Import took 0.099516 seconds .

========================================================================
Received Import Request.
  Time since last request: 0.000945 seconds.
  path: Assets/Prefab Item/Arme/Gun/meshes/defaultMaterial_4_0.asset
  artifactKey: Guid(0be20836ffba1834bb6c869b4444e4dc) Importer(815301076,1909f56bfc062723c751e8b465ee728b)
Start importing Assets/Prefab Item/Arme/Gun/meshes/defaultMaterial_4_0.asset using Guid(0be20836ffba1834bb6c869b4444e4dc) Importer(815301076,1909f56bfc062723c751e8b465ee728b)  -> (artifact id: '9f970578477f9a1283260da7dea51ca7') in 0.072675 seconds 
  Import took 0.102860 seconds .

========================================================================
Received Import Request.
  Time since last request: 0.000911 seconds.
  path: Assets/Prefab Item/Arme/Gun/meshes/defaultMaterial_25_0.asset
  artifactKey: Guid(09003657c35c15d4bbec52ae544231f5) Importer(815301076,1909f56bfc062723c751e8b465ee728b)
Start importing Assets/Prefab Item/Arme/Gun/meshes/defaultMaterial_25_0.asset using Guid(09003657c35c15d4bbec52ae544231f5) Importer(815301076,1909f56bfc062723c751e8b465ee728b)  -> (artifact id: 'd48c12687c8445e16760fbfe956800b8') in 0.072859 seconds 
  Import took 0.102847 seconds .

========================================================================
Received Import Request.
  Time since last request: 0.001169 seconds.
  path: Assets/Prefab Item/Arme/Gun/meshes/defaultMaterial_3_0.asset
  artifactKey: Guid(577951a46eeb3ae49b64ba7b9dc4f3ed) Importer(815301076,1909f56bfc062723c751e8b465ee728b)
Start importing Assets/Prefab Item/Arme/Gun/meshes/defaultMaterial_3_0.asset using Guid(577951a46eeb3ae49b64ba7b9dc4f3ed) Importer(815301076,1909f56bfc062723c751e8b465ee728b)  -> (artifact id: '966310b7f7ea57189a3bd95f11c3587f') in 0.062545 seconds 
  Import took 0.092441 seconds .

========================================================================
Received Import Request.
  Time since last request: 0.000859 seconds.
  path: Assets/Prefab Item/Arme/Gun/meshes/defaultMaterial_12_0.asset
  artifactKey: Guid(47eb5771050d1ea49bd531d48aff5fe2) Importer(815301076,1909f56bfc062723c751e8b465ee728b)
Start importing Assets/Prefab Item/Arme/Gun/meshes/defaultMaterial_12_0.asset using Guid(47eb5771050d1ea49bd531d48aff5fe2) Importer(815301076,1909f56bfc062723c751e8b465ee728b)  -> (artifact id: 'a04aef5d74d0b754ba202ba9d602c45b') in 0.083112 seconds 
  Import took 0.114502 seconds .

========================================================================
Received Import Request.
  Time since last request: 0.000908 seconds.
  path: Assets/Prefab Item/Arme/Gun/meshes/defaultMaterial_22_0.asset
  artifactKey: Guid(031d180e8661d3048985f22918cb7969) Importer(815301076,1909f56bfc062723c751e8b465ee728b)
Start importing Assets/Prefab Item/Arme/Gun/meshes/defaultMaterial_22_0.asset using Guid(031d180e8661d3048985f22918cb7969) Importer(815301076,1909f56bfc062723c751e8b465ee728b)  -> (artifact id: 'b8aa8b575a8800185fa3968f17ec7a02') in 0.069672 seconds 
  Import took 0.099211 seconds .

========================================================================
Received Import Request.
  Time since last request: 0.000966 seconds.
  path: Assets/Prefab Item/Arme/Gun/meshes/defaultMaterial_26_0.asset
  artifactKey: Guid(73e132a94d0b8444a9b9d537b50a2ae8) Importer(815301076,1909f56bfc062723c751e8b465ee728b)
Start importing Assets/Prefab Item/Arme/Gun/meshes/defaultMaterial_26_0.asset using Guid(73e132a94d0b8444a9b9d537b50a2ae8) Importer(815301076,1909f56bfc062723c751e8b465ee728b)  -> (artifact id: '5fde0f248b3d51941c5499f641e14f00') in 0.070455 seconds 
  Import took 0.104054 seconds .

========================================================================
Received Import Request.
  Time since last request: 0.001025 seconds.
  path: Assets/Prefab Item/Arme/Gun/meshes/defaultMaterial_0_0.asset
  artifactKey: Guid(1b2850be6ef5c1940b17dabb576f855d) Importer(815301076,1909f56bfc062723c751e8b465ee728b)
Start importing Assets/Prefab Item/Arme/Gun/meshes/defaultMaterial_0_0.asset using Guid(1b2850be6ef5c1940b17dabb576f855d) Importer(815301076,1909f56bfc062723c751e8b465ee728b)  -> (artifact id: '57ad89de08d607fb3873546f9aa90f1d') in 0.137047 seconds 
  Import took 0.165379 seconds .

========================================================================
Received Import Request.
  Time since last request: 0.000929 seconds.
  path: Assets/Prefab Item/Arme/Gun/meshes/defaultMaterial_10_0.asset
  artifactKey: Guid(e2b5ee19fb198334d99ab2f0d12473f5) Importer(815301076,1909f56bfc062723c751e8b465ee728b)
Start importing Assets/Prefab Item/Arme/Gun/meshes/defaultMaterial_10_0.asset using Guid(e2b5ee19fb198334d99ab2f0d12473f5) Importer(815301076,1909f56bfc062723c751e8b465ee728b)  -> (artifact id: 'ac826d399827a7501d02c0a5d9fc0d57') in 0.065361 seconds 
  Import took 0.087735 seconds .

========================================================================
Received Import Request.
  Time since last request: 0.000825 seconds.
  path: Assets/Prefab Item/Arme/Gun/meshes/defaultMaterial_7_0.asset
  artifactKey: Guid(a8838040ab66b1a49bd0407f6e32e0a2) Importer(815301076,1909f56bfc062723c751e8b465ee728b)
Start importing Assets/Prefab Item/Arme/Gun/meshes/defaultMaterial_7_0.asset using Guid(a8838040ab66b1a49bd0407f6e32e0a2) Importer(815301076,1909f56bfc062723c751e8b465ee728b)  -> (artifact id: '944da03fc93d8be867dad95f984f0714') in 0.066016 seconds 
  Import took 0.092245 seconds .

========================================================================
Received Import Request.
  Time since last request: 0.000913 seconds.
  path: Assets/Prefab Item/Arme/Gun/meshes/defaultMaterial_8_0.asset
  artifactKey: Guid(ee6814efae67e614ebb4dba524483891) Importer(815301076,1909f56bfc062723c751e8b465ee728b)
Start importing Assets/Prefab Item/Arme/Gun/meshes/defaultMaterial_8_0.asset using Guid(ee6814efae67e614ebb4dba524483891) Importer(815301076,1909f56bfc062723c751e8b465ee728b)  -> (artifact id: '73b0e25b8edb28e38a58ccb21d3ef78a') in 0.061758 seconds 
  Import took 0.087246 seconds .

========================================================================
Received Prepare
Registering precompiled user dll's ...
Registered in 0.027901 seconds.
Begin MonoManager ReloadAssembly
Native extension for WindowsStandalone target not found
Native extension for WebGL target not found
Refreshing native plugins compatible for Editor in 4.11 ms, found 0 plugins.
Preloading 0 native plugins for Editor in 0.00 ms.
Mono: successfully reloaded assembly
- Completed reload, in  6.587 seconds
Domain Reload Profiling:
	ReloadAssembly (6588ms)
		BeginReloadAssembly (377ms)
			ExecutionOrderSort (0ms)
			DisableScriptedObjects (34ms)
			BackupInstance (0ms)
			ReleaseScriptingObjects (0ms)
			CreateAndSetChildDomain (109ms)
		EndReloadAssembly (5958ms)
			LoadAssemblies (445ms)
			RebuildTransferFunctionScriptingTraits (0ms)
			SetupTypeCache (1774ms)
			ReleaseScriptCaches (4ms)
			RebuildScriptCaches (339ms)
			SetupLoadedEditorAssemblies (2298ms)
				LogAssemblyErrors (0ms)
				InitializePlatformSupportModulesInManaged (25ms)
				SetLoadedEditorAssemblies (2ms)
				RefreshPlugins (4ms)
				BeforeProcessingInitializeOnLoad (522ms)
				ProcessInitializeOnLoadAttributes (1686ms)
				ProcessInitializeOnLoadMethodAttributes (38ms)
				AfterProcessingInitializeOnLoad (19ms)
				EditorAssembliesLoaded (2ms)
			ExecutionOrderSort2 (0ms)
			AwakeInstancesAfterBackupRestoration (95ms)
Platform modules already initialized, skipping
Refreshing native plugins compatible for Editor in 1.61 ms, found 0 plugins.
Preloading 0 native plugins for Editor in 0.00 ms.
Unloading 3664 Unused Serialized files (Serialized files now loaded: 0)
System memory in use before: 182.8 MB.
System memory in use after: 183.0 MB.

Unloading 17 unused Assets to reduce memory usage. Loaded Objects now: 4426.
Total: 9.749600 ms (FindLiveObjects: 0.576400 ms CreateObjectMapping: 0.444600 ms MarkObjects: 8.425600 ms  DeleteObjects: 0.299300 ms)

AssetImportParameters requested are different than current active one (requested -> active):
  custom:framework-win-MediaFoundation: 216162199b28c13a410421893ffa2e32 -> 
  custom:video-decoder-ogg-theora: a1e56fd34408186e4bbccfd4996cb3dc -> 
  custom:container-muxer-webm: aa71ff27fc2769a1b78a27578f13a17b -> 
  custom:container-demuxer-webm: 4f35f7cbe854078d1ac9338744f61a02 -> 
  custom:container-demuxer-ogg: 62fdf1f143b41e24485cea50d1cbac27 -> 
  custom:video-encoder-webm-vp8: eb34c28f22e8b96e1ab97ce403110664 -> 
  custom:video-decoder-webm-vp8: 9c59270c3fd7afecdb556c50c9e8de78 -> 
  custom:audio-decoder-ogg-vorbis: bf7c407c2cedff20999df2af8eb42d56 -> 
  custom:audio-encoder-webm-vorbis: bf7c407c2cedff20999df2af8eb42d56 -> 
========================================================================
Received Import Request.
  Time since last request: 326.245169 seconds.
  path: Assets/Prefab Item/Arme/Gun/Gun.fbx
  artifactKey: Guid(929ecf4fe9e11c441babf68a36e2d265) Importer(815301076,1909f56bfc062723c751e8b465ee728b)
Start importing Assets/Prefab Item/Arme/Gun/Gun.fbx using Guid(929ecf4fe9e11c441babf68a36e2d265) Importer(815301076,1909f56bfc062723c751e8b465ee728b)  -> (artifact id: '19a19210aa4263ec9c6a0b5b2c61f58b') in 1.485221 seconds 
  Import took 1.515071 seconds .

========================================================================
Received Import Request.
  Time since last request: 703.587499 seconds.
  path: Assets/Prefab Item/Arme/Gun/Gun.prefab
  artifactKey: Guid(137c3216da594934c8725724f45c1be2) Importer(815301076,1909f56bfc062723c751e8b465ee728b)
Start importing Assets/Prefab Item/Arme/Gun/Gun.prefab using Guid(137c3216da594934c8725724f45c1be2) Importer(815301076,1909f56bfc062723c751e8b465ee728b)  -> (artifact id: '50c20122f4724ef79174de48bec22d7b') in 0.420337 seconds 
  Import took 0.469382 seconds .

========================================================================
Received Import Request.
  Time since last request: 5.072994 seconds.
  path: Assets/Prefab Item/Arme/Gun/meshes/Object_0_0_0.asset
  artifactKey: Guid(f19e2725b6644344d85464507b26fabe) Importer(815301076,1909f56bfc062723c751e8b465ee728b)
Start importing Assets/Prefab Item/Arme/Gun/meshes/Object_0_0_0.asset using Guid(f19e2725b6644344d85464507b26fabe) Importer(815301076,1909f56bfc062723c751e8b465ee728b)  -> (artifact id: '1a42b6daef1228cf1bd8e8648f09a3ed') in 0.077815 seconds 
  Import took 0.105905 seconds .

========================================================================
Received Import Request.
  Time since last request: 0.000850 seconds.
  path: Assets/Prefab Item/Arme/Gun/meshes/Object_4_4_0.asset
  artifactKey: Guid(dc738823e4e77364a8547157f7f84f0b) Importer(815301076,1909f56bfc062723c751e8b465ee728b)
Start importing Assets/Prefab Item/Arme/Gun/meshes/Object_4_4_0.asset using Guid(dc738823e4e77364a8547157f7f84f0b) Importer(815301076,1909f56bfc062723c751e8b465ee728b)  -> (artifact id: '9862e6b7317f05eb05b607cb41f08477') in 0.132865 seconds 
  Import took 0.160736 seconds .

========================================================================
Received Import Request.
  Time since last request: 0.000888 seconds.
  path: Assets/Prefab Item/Arme/Gun/meshes/Object_2_2_0.asset
  artifactKey: Guid(dcfbe9954b39f9d45b179c1d1220bd4b) Importer(815301076,1909f56bfc062723c751e8b465ee728b)
Start importing Assets/Prefab Item/Arme/Gun/meshes/Object_2_2_0.asset using Guid(dcfbe9954b39f9d45b179c1d1220bd4b) Importer(815301076,1909f56bfc062723c751e8b465ee728b)  -> (artifact id: 'a47b90d836a641eb323e0e9fa3cdbc13') in 0.082722 seconds 
  Import took 0.117745 seconds .

========================================================================
Received Import Request.
  Time since last request: 0.001155 seconds.
  path: Assets/Prefab Item/Arme/Gun/meshes/Object_3_3_0.asset
  artifactKey: Guid(ae69fd959a1acb54884a530a1b9ccc8d) Importer(815301076,1909f56bfc062723c751e8b465ee728b)
Start importing Assets/Prefab Item/Arme/Gun/meshes/Object_3_3_0.asset using Guid(ae69fd959a1acb54884a530a1b9ccc8d) Importer(815301076,1909f56bfc062723c751e8b465ee728b)  -> (artifact id: '460de8007c0aec89d59f85e09b9fac87') in 0.076757 seconds 
  Import took 0.107063 seconds .

========================================================================
Received Import Request.
  Time since last request: 0.000568 seconds.
  path: Assets/Prefab Item/Arme/Gun/meshes/Object_1_1_0.asset
  artifactKey: Guid(ffdef2241ac557045bc71fc57f187b93) Importer(815301076,1909f56bfc062723c751e8b465ee728b)
Start importing Assets/Prefab Item/Arme/Gun/meshes/Object_1_1_0.asset using Guid(ffdef2241ac557045bc71fc57f187b93) Importer(815301076,1909f56bfc062723c751e8b465ee728b)  -> (artifact id: 'ee352e5c4872365f741f6fcdd7b1f56f') in 0.036563 seconds 
  Import took 0.058406 seconds .

========================================================================
Received Import Request.
  Time since last request: 29.913338 seconds.
  path: Assets/Prefab Item/Arme/Gun/Gun.fbx
  artifactKey: Guid(929ecf4fe9e11c441babf68a36e2d265) Importer(815301076,1909f56bfc062723c751e8b465ee728b)
Start importing Assets/Prefab Item/Arme/Gun/Gun.fbx using Guid(929ecf4fe9e11c441babf68a36e2d265) Importer(815301076,1909f56bfc062723c751e8b465ee728b)  -> (artifact id: 'c8be7c2b1f37b07d2b06c7550fc16155') in 2.931878 seconds 
  Import took 2.959490 seconds .

========================================================================
Received Import Request.
  Time since last request: 192.572872 seconds.
  path: Assets/Prefab Item/Arme/Gun/Gun.fbx
  artifactKey: Guid(929ecf4fe9e11c441babf68a36e2d265) Importer(815301076,1909f56bfc062723c751e8b465ee728b)
Start importing Assets/Prefab Item/Arme/Gun/Gun.fbx using Guid(929ecf4fe9e11c441babf68a36e2d265) Importer(815301076,1909f56bfc062723c751e8b465ee728b)  -> (artifact id: '437c77bd5fb9088457bfec82c233e7ff') in 0.437156 seconds 
  Import took 0.474897 seconds .

========================================================================
Received Import Request.
  Time since last request: 145.970024 seconds.
  path: Assets/Prefab Item/Arme/Gun/New Gun .fbx
  artifactKey: Guid(7271ca79a34773749b95c93eb1e79573) Importer(815301076,1909f56bfc062723c751e8b465ee728b)
Start importing Assets/Prefab Item/Arme/Gun/New Gun .fbx using Guid(7271ca79a34773749b95c93eb1e79573) Importer(815301076,1909f56bfc062723c751e8b465ee728b)  -> (artifact id: 'e7d23b5ac16945e8ee6284b5fcd9d34c') in 0.272359 seconds 
  Import took 0.298230 seconds .

========================================================================
Received Import Request.
  Time since last request: 320.556228 seconds.
  path: Assets/Prefab Item/Arme/Gun/Gun.prefab
  artifactKey: Guid(137c3216da594934c8725724f45c1be2) Importer(815301076,1909f56bfc062723c751e8b465ee728b)
Start importing Assets/Prefab Item/Arme/Gun/Gun.prefab using Guid(137c3216da594934c8725724f45c1be2) Importer(815301076,1909f56bfc062723c751e8b465ee728b)  -> (artifact id: 'ad266310838667062b1a0448d07159f8') in 0.302005 seconds 
  Import took 0.342607 seconds .

========================================================================
Received Import Request.
  Time since last request: 5.248340 seconds.
  path: Assets/Prefab Item/Arme/Gun/Gun.prefab
  artifactKey: Guid(137c3216da594934c8725724f45c1be2) Importer(815301076,1909f56bfc062723c751e8b465ee728b)
Start importing Assets/Prefab Item/Arme/Gun/Gun.prefab using Guid(137c3216da594934c8725724f45c1be2) Importer(815301076,1909f56bfc062723c751e8b465ee728b)  -> (artifact id: 'f0f24e96d66d4e80ddd2b2f82180c980') in 0.313891 seconds 
  Import took 0.356118 seconds .

========================================================================
Received Import Request.
  Time since last request: 10.239662 seconds.
  path: Assets/Prefab Item/Arme/Gun/Gun.prefab
  artifactKey: Guid(137c3216da594934c8725724f45c1be2) Importer(815301076,1909f56bfc062723c751e8b465ee728b)
Start importing Assets/Prefab Item/Arme/Gun/Gun.prefab using Guid(137c3216da594934c8725724f45c1be2) Importer(815301076,1909f56bfc062723c751e8b465ee728b)  -> (artifact id: '01fe5a41abeaaea900563135add5bcaa') in 0.225612 seconds 
  Import took 0.251033 seconds .

========================================================================
Received Import Request.
  Time since last request: 40.625950 seconds.
  path: Assets/Prefab Item/Arme/Gun/Gun.prefab
  artifactKey: Guid(137c3216da594934c8725724f45c1be2) Importer(815301076,1909f56bfc062723c751e8b465ee728b)
Start importing Assets/Prefab Item/Arme/Gun/Gun.prefab using Guid(137c3216da594934c8725724f45c1be2) Importer(815301076,1909f56bfc062723c751e8b465ee728b)  -> (artifact id: '58a029bc122b9f3a67074d2472f45647') in 0.195152 seconds 
  Import took 0.220895 seconds .

========================================================================
Received Import Request.
  Time since last request: 4.763358 seconds.
  path: Assets/Prefab Item/Arme/Gun/Gun.prefab
  artifactKey: Guid(137c3216da594934c8725724f45c1be2) Importer(815301076,1909f56bfc062723c751e8b465ee728b)
Start importing Assets/Prefab Item/Arme/Gun/Gun.prefab using Guid(137c3216da594934c8725724f45c1be2) Importer(815301076,1909f56bfc062723c751e8b465ee728b)  -> (artifact id: 'dd826c2cec170980bb66b4510fa19403') in 0.234174 seconds 
  Import took 0.275545 seconds .

========================================================================
Received Import Request.
  Time since last request: 4.775235 seconds.
  path: Assets/Prefab Item/Arme/Gun/Gun.prefab
  artifactKey: Guid(137c3216da594934c8725724f45c1be2) Importer(815301076,1909f56bfc062723c751e8b465ee728b)
Start importing Assets/Prefab Item/Arme/Gun/Gun.prefab using Guid(137c3216da594934c8725724f45c1be2) Importer(815301076,1909f56bfc062723c751e8b465ee728b)  -> (artifact id: 'c207ebc0aeca17dea787f15c6de3c464') in 0.289806 seconds 
  Import took 0.343832 seconds .

========================================================================
Received Import Request.
  Time since last request: 10.694177 seconds.
  path: Assets/Prefab Item/Arme/Gun/Gun.prefab
  artifactKey: Guid(137c3216da594934c8725724f45c1be2) Importer(815301076,1909f56bfc062723c751e8b465ee728b)
Start importing Assets/Prefab Item/Arme/Gun/Gun.prefab using Guid(137c3216da594934c8725724f45c1be2) Importer(815301076,1909f56bfc062723c751e8b465ee728b)  -> (artifact id: '5a1c280512536bbdf4ad6e60bb9622e8') in 0.265326 seconds 
  Import took 0.306812 seconds .

========================================================================
Received Import Request.
  Time since last request: 2.368152 seconds.
  path: Assets/Prefab Item/Arme/Gun/Gun.prefab
  artifactKey: Guid(137c3216da594934c8725724f45c1be2) Importer(815301076,1909f56bfc062723c751e8b465ee728b)
Start importing Assets/Prefab Item/Arme/Gun/Gun.prefab using Guid(137c3216da594934c8725724f45c1be2) Importer(815301076,1909f56bfc062723c751e8b465ee728b)  -> (artifact id: 'dc473b6f9878b5a21433eea191d86660') in 0.310237 seconds 
  Import took 0.348306 seconds .

========================================================================
Received Import Request.
  Time since last request: 3.020714 seconds.
  path: Assets/Prefab Item/Arme/Gun/Gun.prefab
  artifactKey: Guid(137c3216da594934c8725724f45c1be2) Importer(815301076,1909f56bfc062723c751e8b465ee728b)
Start importing Assets/Prefab Item/Arme/Gun/Gun.prefab using Guid(137c3216da594934c8725724f45c1be2) Importer(815301076,1909f56bfc062723c751e8b465ee728b)  -> (artifact id: '71021541a9d61768bf9f007c0a0c35c7') in 0.326027 seconds 
  Import took 0.370101 seconds .

========================================================================
Received Import Request.
  Time since last request: 17.733487 seconds.
  path: Assets/Prefab Item/Arme/Gun/Gun.prefab
  artifactKey: Guid(137c3216da594934c8725724f45c1be2) Importer(815301076,1909f56bfc062723c751e8b465ee728b)
Start importing Assets/Prefab Item/Arme/Gun/Gun.prefab using Guid(137c3216da594934c8725724f45c1be2) Importer(815301076,1909f56bfc062723c751e8b465ee728b)  -> (artifact id: 'cfed44d55815e4daf4fdb72463bc1501') in 0.365082 seconds 
  Import took 0.486511 seconds .

========================================================================
Received Import Request.
  Time since last request: 10.292406 seconds.
  path: Assets/Prefab Item/Arme/Gun/Gun.prefab
  artifactKey: Guid(137c3216da594934c8725724f45c1be2) Importer(815301076,1909f56bfc062723c751e8b465ee728b)
Start importing Assets/Prefab Item/Arme/Gun/Gun.prefab using Guid(137c3216da594934c8725724f45c1be2) Importer(815301076,1909f56bfc062723c751e8b465ee728b)  -> (artifact id: '07908443e5f911fd4f712f5fb19c5218') in 0.199321 seconds 
  Import took 0.216899 seconds .

========================================================================
Received Import Request.
  Time since last request: 9.441869 seconds.
  path: Assets/Prefab Item/Arme/Gun/Gun.prefab
  artifactKey: Guid(137c3216da594934c8725724f45c1be2) Importer(815301076,1909f56bfc062723c751e8b465ee728b)
Start importing Assets/Prefab Item/Arme/Gun/Gun.prefab using Guid(137c3216da594934c8725724f45c1be2) Importer(815301076,1909f56bfc062723c751e8b465ee728b)  -> (artifact id: '64394559380a72886f5c6e40720b1332') in 0.280974 seconds 
  Import took 0.316031 seconds .

========================================================================
Received Import Request.
  Time since last request: 28.197955 seconds.
  path: Assets/Prefab Item/Arme/Gun/Gun.prefab
  artifactKey: Guid(137c3216da594934c8725724f45c1be2) Importer(815301076,1909f56bfc062723c751e8b465ee728b)
Start importing Assets/Prefab Item/Arme/Gun/Gun.prefab using Guid(137c3216da594934c8725724f45c1be2) Importer(815301076,1909f56bfc062723c751e8b465ee728b)  -> (artifact id: '792ed9cdf3dc90ee03ec84ea78534aa1') in 0.280213 seconds 
  Import took 0.322659 seconds .

========================================================================
Received Import Request.
  Time since last request: 2.149677 seconds.
  path: Assets/Prefab Item/Arme/Gun/Gun.prefab
  artifactKey: Guid(137c3216da594934c8725724f45c1be2) Importer(815301076,1909f56bfc062723c751e8b465ee728b)
Start importing Assets/Prefab Item/Arme/Gun/Gun.prefab using Guid(137c3216da594934c8725724f45c1be2) Importer(815301076,1909f56bfc062723c751e8b465ee728b)  -> (artifact id: '6c7e50798f52028cc6c7bfd321daf5e0') in 0.192403 seconds 
  Import took 0.216316 seconds .

========================================================================
Received Import Request.
  Time since last request: 130.595849 seconds.
  path: Assets/Prefab Item/Arme/Gun/Gun.prefab
  artifactKey: Guid(137c3216da594934c8725724f45c1be2) Importer(815301076,1909f56bfc062723c751e8b465ee728b)
Start importing Assets/Prefab Item/Arme/Gun/Gun.prefab using Guid(137c3216da594934c8725724f45c1be2) Importer(815301076,1909f56bfc062723c751e8b465ee728b)  -> (artifact id: 'f96e0b23be4fa481acc9c43989b5f5c2') in 0.183278 seconds 
  Import took 0.209208 seconds .

========================================================================
Received Import Request.
  Time since last request: 192.645188 seconds.
  path: Assets/Prefab Item/Arme/Gun/Gun.prefab
  artifactKey: Guid(137c3216da594934c8725724f45c1be2) Importer(815301076,1909f56bfc062723c751e8b465ee728b)
Start importing Assets/Prefab Item/Arme/Gun/Gun.prefab using Guid(137c3216da594934c8725724f45c1be2) Importer(815301076,1909f56bfc062723c751e8b465ee728b)  -> (artifact id: 'b8828f3957f5b9ea8f710ebe34c80e07') in 0.225869 seconds 
  Import took 0.255521 seconds .

========================================================================
Received Import Request.
  Time since last request: 4.741542 seconds.
  path: Assets/Prefab Item/Arme/Gun/Gun.prefab
  artifactKey: Guid(137c3216da594934c8725724f45c1be2) Importer(815301076,1909f56bfc062723c751e8b465ee728b)
Start importing Assets/Prefab Item/Arme/Gun/Gun.prefab using Guid(137c3216da594934c8725724f45c1be2) Importer(815301076,1909f56bfc062723c751e8b465ee728b)  -> (artifact id: '150de50e27ad520f38157f27f2704b16') in 0.211883 seconds 
  Import took 0.240200 seconds .

========================================================================
Received Import Request.
  Time since last request: 5.972838 seconds.
  path: Assets/Prefab Item/Arme/Gun/Gun.prefab
  artifactKey: Guid(137c3216da594934c8725724f45c1be2) Importer(815301076,1909f56bfc062723c751e8b465ee728b)
Start importing Assets/Prefab Item/Arme/Gun/Gun.prefab using Guid(137c3216da594934c8725724f45c1be2) Importer(815301076,1909f56bfc062723c751e8b465ee728b)  -> (artifact id: '79097e5e5b2604e64d25a6277317a417') in 0.164143 seconds 
  Import took 0.190127 seconds .

========================================================================
Received Import Request.
  Time since last request: 5.235025 seconds.
  path: Assets/Prefab Item/Arme/Gun/Gun.prefab
  artifactKey: Guid(137c3216da594934c8725724f45c1be2) Importer(815301076,1909f56bfc062723c751e8b465ee728b)
Start importing Assets/Prefab Item/Arme/Gun/Gun.prefab using Guid(137c3216da594934c8725724f45c1be2) Importer(815301076,1909f56bfc062723c751e8b465ee728b)  -> (artifact id: '1db789479fb4f1adfe686c01827132e0') in 0.147024 seconds 
  Import took 0.170580 seconds .

========================================================================
Received Import Request.
  Time since last request: 4.313716 seconds.
  path: Assets/Prefab Item/Arme/Gun/Gun.prefab
  artifactKey: Guid(137c3216da594934c8725724f45c1be2) Importer(815301076,1909f56bfc062723c751e8b465ee728b)
Start importing Assets/Prefab Item/Arme/Gun/Gun.prefab using Guid(137c3216da594934c8725724f45c1be2) Importer(815301076,1909f56bfc062723c751e8b465ee728b)  -> (artifact id: 'fab74a65983996504b655b523f5d4de8') in 0.218922 seconds 
  Import took 0.250610 seconds .

========================================================================
Received Import Request.
  Time since last request: 6373.579881 seconds.
  path: Assets/Prefab Item/Arme/Gun/Gun.prefab
  artifactKey: Guid(137c3216da594934c8725724f45c1be2) Importer(815301076,1909f56bfc062723c751e8b465ee728b)
Start importing Assets/Prefab Item/Arme/Gun/Gun.prefab using Guid(137c3216da594934c8725724f45c1be2) Importer(815301076,1909f56bfc062723c751e8b465ee728b)  -> (artifact id: '33eafa026c60451289bcfdc6762ac4a2') in 0.306239 seconds 
  Import took 0.344252 seconds .

========================================================================
Received Import Request.
  Time since last request: 4.430706 seconds.
  path: Assets/Prefab Item/Arme/Gun/Gun.prefab
  artifactKey: Guid(137c3216da594934c8725724f45c1be2) Importer(815301076,1909f56bfc062723c751e8b465ee728b)
Start importing Assets/Prefab Item/Arme/Gun/Gun.prefab using Guid(137c3216da594934c8725724f45c1be2) Importer(815301076,1909f56bfc062723c751e8b465ee728b)  -> (artifact id: '14d5446d3005c0ab5d7d9bd403393eef') in 0.309038 seconds 
  Import took 0.342638 seconds .

========================================================================
Received Import Request.
  Time since last request: 4.068941 seconds.
  path: Assets/Prefab Item/Arme/Gun/Gun.prefab
  artifactKey: Guid(137c3216da594934c8725724f45c1be2) Importer(815301076,1909f56bfc062723c751e8b465ee728b)
Start importing Assets/Prefab Item/Arme/Gun/Gun.prefab using Guid(137c3216da594934c8725724f45c1be2) Importer(815301076,1909f56bfc062723c751e8b465ee728b)  -> (artifact id: 'c5dffe33caddc4e6efd4c444242b2b52') in 0.290452 seconds 
  Import took 0.328841 seconds .

========================================================================
Received Import Request.
  Time since last request: 13.518853 seconds.
  path: Assets/Prefab Item/Arme/Gun/Gun.prefab
  artifactKey: Guid(137c3216da594934c8725724f45c1be2) Importer(815301076,1909f56bfc062723c751e8b465ee728b)
Start importing Assets/Prefab Item/Arme/Gun/Gun.prefab using Guid(137c3216da594934c8725724f45c1be2) Importer(815301076,1909f56bfc062723c751e8b465ee728b)  -> (artifact id: 'cf884e4993082dbc493dc178f51c1029') in 0.119178 seconds 
  Import took 0.136316 seconds .

========================================================================
Received Import Request.
  Time since last request: 19.169909 seconds.
  path: Assets/Prefab Item/Arme/Gun/fusil.png
  artifactKey: Guid(8a545642d36aeda49a57b180cf307ce9) Importer(815301076,1909f56bfc062723c751e8b465ee728b)
Start importing Assets/Prefab Item/Arme/Gun/fusil.png using Guid(8a545642d36aeda49a57b180cf307ce9) Importer(815301076,1909f56bfc062723c751e8b465ee728b)  -> (artifact id: '478ec488bf64162593db417ad089ae14') in 0.123739 seconds 
  Import took 0.145023 seconds .

========================================================================
Received Import Request.
  Time since last request: 12.366350 seconds.
  path: Assets/Prefab Item/Arme/Gun/fusil.png
  artifactKey: Guid(8a545642d36aeda49a57b180cf307ce9) Importer(815301076,1909f56bfc062723c751e8b465ee728b)
Start importing Assets/Prefab Item/Arme/Gun/fusil.png using Guid(8a545642d36aeda49a57b180cf307ce9) Importer(815301076,1909f56bfc062723c751e8b465ee728b)  -> (artifact id: '7649af8dc8014e9942eb4ac71c52c7a0') in 0.125942 seconds 
  Import took 0.139724 seconds .

========================================================================
Received Import Request.
  Time since last request: 3.159175 seconds.
  path: Assets/Prefab Item/Arme/Gun/Gun.prefab
  artifactKey: Guid(137c3216da594934c8725724f45c1be2) Importer(815301076,1909f56bfc062723c751e8b465ee728b)
Start importing Assets/Prefab Item/Arme/Gun/Gun.prefab using Guid(137c3216da594934c8725724f45c1be2) Importer(815301076,1909f56bfc062723c751e8b465ee728b)  -> (artifact id: 'd557604ee9a5b69718568b7c3ea5208c') in 0.155451 seconds 
  Import took 0.178398 seconds .

========================================================================
Received Import Request.
  Time since last request: 9.547150 seconds.
  path: Assets/Prefab Item/Arme/Gun/Gun.prefab
  artifactKey: Guid(137c3216da594934c8725724f45c1be2) Importer(815301076,1909f56bfc062723c751e8b465ee728b)
Start importing Assets/Prefab Item/Arme/Gun/Gun.prefab using Guid(137c3216da594934c8725724f45c1be2) Importer(815301076,1909f56bfc062723c751e8b465ee728b)  -> (artifact id: '478b22f9bb41ac9fd0d60613f4eca4c5') in 0.124279 seconds 
  Import took 0.148125 seconds .

========================================================================
Received Prepare
Registering precompiled user dll's ...
Registered in 0.022006 seconds.
Begin MonoManager ReloadAssembly
Native extension for WindowsStandalone target not found
Native extension for WebGL target not found
Refreshing native plugins compatible for Editor in 2.00 ms, found 0 plugins.
Preloading 0 native plugins for Editor in 0.00 ms.
Mono: successfully reloaded assembly
- Completed reload, in  5.339 seconds
Domain Reload Profiling:
	ReloadAssembly (5344ms)
		BeginReloadAssembly (713ms)
			ExecutionOrderSort (0ms)
			DisableScriptedObjects (63ms)
			BackupInstance (0ms)
			ReleaseScriptingObjects (0ms)
			CreateAndSetChildDomain (306ms)
		EndReloadAssembly (4437ms)
			LoadAssemblies (386ms)
			RebuildTransferFunctionScriptingTraits (0ms)
			SetupTypeCache (1558ms)
			ReleaseScriptCaches (6ms)
			RebuildScriptCaches (133ms)
			SetupLoadedEditorAssemblies (1834ms)
				LogAssemblyErrors (0ms)
				InitializePlatformSupportModulesInManaged (18ms)
				SetLoadedEditorAssemblies (3ms)
				RefreshPlugins (2ms)
				BeforeProcessingInitializeOnLoad (471ms)
				ProcessInitializeOnLoadAttributes (1317ms)
				ProcessInitializeOnLoadMethodAttributes (15ms)
				AfterProcessingInitializeOnLoad (8ms)
				EditorAssembliesLoaded (1ms)
			ExecutionOrderSort2 (0ms)
			AwakeInstancesAfterBackupRestoration (44ms)
Platform modules already initialized, skipping
Refreshing native plugins compatible for Editor in 1.58 ms, found 0 plugins.
Preloading 0 native plugins for Editor in 0.00 ms.
Unloading 3664 Unused Serialized files (Serialized files now loaded: 0)
System memory in use before: 183.7 MB.
System memory in use after: 183.9 MB.

Unloading 17 unused Assets to reduce memory usage. Loaded Objects now: 4466.
Total: 12.469600 ms (FindLiveObjects: 0.617200 ms CreateObjectMapping: 0.434200 ms MarkObjects: 10.793400 ms  DeleteObjects: 0.622500 ms)

AssetImportParameters requested are different than current active one (requested -> active):
  custom:framework-win-MediaFoundation: 216162199b28c13a410421893ffa2e32 -> 
  custom:video-decoder-ogg-theora: a1e56fd34408186e4bbccfd4996cb3dc -> 
  custom:container-muxer-webm: aa71ff27fc2769a1b78a27578f13a17b -> 
  custom:container-demuxer-webm: 4f35f7cbe854078d1ac9338744f61a02 -> 
  custom:container-demuxer-ogg: 62fdf1f143b41e24485cea50d1cbac27 -> 
  custom:video-encoder-webm-vp8: eb34c28f22e8b96e1ab97ce403110664 -> 
  custom:video-decoder-webm-vp8: 9c59270c3fd7afecdb556c50c9e8de78 -> 
  custom:audio-decoder-ogg-vorbis: bf7c407c2cedff20999df2af8eb42d56 -> 
  custom:audio-encoder-webm-vorbis: bf7c407c2cedff20999df2af8eb42d56 -> 
========================================================================
Received Prepare
Registering precompiled user dll's ...
Registered in 0.008979 seconds.
Begin MonoManager ReloadAssembly
Native extension for WindowsStandalone target not found
Native extension for WebGL target not found
Refreshing native plugins compatible for Editor in 1.76 ms, found 0 plugins.
Preloading 0 native plugins for Editor in 0.00 ms.
Mono: successfully reloaded assembly
- Completed reload, in  2.438 seconds
Domain Reload Profiling:
	ReloadAssembly (2439ms)
		BeginReloadAssembly (235ms)
			ExecutionOrderSort (0ms)
			DisableScriptedObjects (10ms)
			BackupInstance (0ms)
			ReleaseScriptingObjects (0ms)
			CreateAndSetChildDomain (65ms)
		EndReloadAssembly (2080ms)
			LoadAssemblies (218ms)
			RebuildTransferFunctionScriptingTraits (0ms)
			SetupTypeCache (559ms)
			ReleaseScriptCaches (3ms)
			RebuildScriptCaches (151ms)
			SetupLoadedEditorAssemblies (823ms)
				LogAssemblyErrors (0ms)
				InitializePlatformSupportModulesInManaged (8ms)
				SetLoadedEditorAssemblies (1ms)
				RefreshPlugins (2ms)
				BeforeProcessingInitializeOnLoad (186ms)
				ProcessInitializeOnLoadAttributes (603ms)
				ProcessInitializeOnLoadMethodAttributes (13ms)
				AfterProcessingInitializeOnLoad (10ms)
				EditorAssembliesLoaded (1ms)
			ExecutionOrderSort2 (0ms)
			AwakeInstancesAfterBackupRestoration (36ms)
Platform modules already initialized, skipping
Refreshing native plugins compatible for Editor in 1.36 ms, found 0 plugins.
Preloading 0 native plugins for Editor in 0.00 ms.
Unloading 3664 Unused Serialized files (Serialized files now loaded: 0)
System memory in use before: 183.7 MB.
System memory in use after: 183.9 MB.

Unloading 17 unused Assets to reduce memory usage. Loaded Objects now: 4468.
Total: 8.767600 ms (FindLiveObjects: 0.663200 ms CreateObjectMapping: 0.448200 ms MarkObjects: 7.458400 ms  DeleteObjects: 0.195600 ms)

AssetImportParameters requested are different than current active one (requested -> active):
  custom:framework-win-MediaFoundation: 216162199b28c13a410421893ffa2e32 -> 
  custom:video-decoder-ogg-theora: a1e56fd34408186e4bbccfd4996cb3dc -> 
  custom:container-muxer-webm: aa71ff27fc2769a1b78a27578f13a17b -> 
  custom:container-demuxer-webm: 4f35f7cbe854078d1ac9338744f61a02 -> 
  custom:container-demuxer-ogg: 62fdf1f143b41e24485cea50d1cbac27 -> 
  custom:video-encoder-webm-vp8: eb34c28f22e8b96e1ab97ce403110664 -> 
  custom:video-decoder-webm-vp8: 9c59270c3fd7afecdb556c50c9e8de78 -> 
  custom:audio-decoder-ogg-vorbis: bf7c407c2cedff20999df2af8eb42d56 -> 
  custom:audio-encoder-webm-vorbis: bf7c407c2cedff20999df2af8eb42d56 -> 
========================================================================
Received Prepare
Registering precompiled user dll's ...
Registered in 0.009021 seconds.
Begin MonoManager ReloadAssembly
Native extension for WindowsStandalone target not found
Native extension for WebGL target not found
Refreshing native plugins compatible for Editor in 1.33 ms, found 0 plugins.
Preloading 0 native plugins for Editor in 0.00 ms.
Mono: successfully reloaded assembly
- Completed reload, in  2.435 seconds
Domain Reload Profiling:
	ReloadAssembly (2436ms)
		BeginReloadAssembly (275ms)
			ExecutionOrderSort (0ms)
			DisableScriptedObjects (9ms)
			BackupInstance (0ms)
			ReleaseScriptingObjects (0ms)
			CreateAndSetChildDomain (63ms)
		EndReloadAssembly (2020ms)
			LoadAssemblies (267ms)
			RebuildTransferFunctionScriptingTraits (0ms)
			SetupTypeCache (645ms)
			ReleaseScriptCaches (2ms)
			RebuildScriptCaches (97ms)
			SetupLoadedEditorAssemblies (792ms)
				LogAssemblyErrors (0ms)
				InitializePlatformSupportModulesInManaged (6ms)
				SetLoadedEditorAssemblies (1ms)
				RefreshPlugins (1ms)
				BeforeProcessingInitializeOnLoad (185ms)
				ProcessInitializeOnLoadAttributes (585ms)
				ProcessInitializeOnLoadMethodAttributes (8ms)
				AfterProcessingInitializeOnLoad (5ms)
				EditorAssembliesLoaded (1ms)
			ExecutionOrderSort2 (0ms)
			AwakeInstancesAfterBackupRestoration (25ms)
Platform modules already initialized, skipping
Refreshing native plugins compatible for Editor in 1.85 ms, found 0 plugins.
Preloading 0 native plugins for Editor in 0.00 ms.
Unloading 3664 Unused Serialized files (Serialized files now loaded: 0)
System memory in use before: 183.7 MB.
System memory in use after: 184.0 MB.

Unloading 17 unused Assets to reduce memory usage. Loaded Objects now: 4470.
Total: 7.779800 ms (FindLiveObjects: 0.805700 ms CreateObjectMapping: 0.513800 ms MarkObjects: 6.277100 ms  DeleteObjects: 0.181100 ms)

AssetImportParameters requested are different than current active one (requested -> active):
  custom:framework-win-MediaFoundation: 216162199b28c13a410421893ffa2e32 -> 
  custom:video-decoder-ogg-theora: a1e56fd34408186e4bbccfd4996cb3dc -> 
  custom:container-muxer-webm: aa71ff27fc2769a1b78a27578f13a17b -> 
  custom:container-demuxer-webm: 4f35f7cbe854078d1ac9338744f61a02 -> 
  custom:container-demuxer-ogg: 62fdf1f143b41e24485cea50d1cbac27 -> 
  custom:video-encoder-webm-vp8: eb34c28f22e8b96e1ab97ce403110664 -> 
  custom:video-decoder-webm-vp8: 9c59270c3fd7afecdb556c50c9e8de78 -> 
  custom:audio-decoder-ogg-vorbis: bf7c407c2cedff20999df2af8eb42d56 -> 
  custom:audio-encoder-webm-vorbis: bf7c407c2cedff20999df2af8eb42d56 -> 
========================================================================
Received Prepare
Registering precompiled user dll's ...
Registered in 0.006762 seconds.
Begin MonoManager ReloadAssembly
Native extension for WindowsStandalone target not found
Native extension for WebGL target not found
Refreshing native plugins compatible for Editor in 3.73 ms, found 0 plugins.
Preloading 0 native plugins for Editor in 0.00 ms.
Mono: successfully reloaded assembly
- Completed reload, in  6.065 seconds
Domain Reload Profiling:
	ReloadAssembly (6066ms)
		BeginReloadAssembly (518ms)
			ExecutionOrderSort (0ms)
			DisableScriptedObjects (37ms)
			BackupInstance (0ms)
			ReleaseScriptingObjects (0ms)
			CreateAndSetChildDomain (110ms)
		EndReloadAssembly (5233ms)
			LoadAssemblies (557ms)
			RebuildTransferFunctionScriptingTraits (0ms)
			SetupTypeCache (1579ms)
			ReleaseScriptCaches (4ms)
			RebuildScriptCaches (258ms)
			SetupLoadedEditorAssemblies (2060ms)
				LogAssemblyErrors (0ms)
				InitializePlatformSupportModulesInManaged (24ms)
				SetLoadedEditorAssemblies (4ms)
				RefreshPlugins (4ms)
				BeforeProcessingInitializeOnLoad (465ms)
				ProcessInitializeOnLoadAttributes (1508ms)
				ProcessInitializeOnLoadMethodAttributes (33ms)
				AfterProcessingInitializeOnLoad (22ms)
				EditorAssembliesLoaded (2ms)
			ExecutionOrderSort2 (0ms)
			AwakeInstancesAfterBackupRestoration (83ms)
Platform modules already initialized, skipping
Refreshing native plugins compatible for Editor in 2.34 ms, found 0 plugins.
Preloading 0 native plugins for Editor in 0.00 ms.
Unloading 3664 Unused Serialized files (Serialized files now loaded: 0)
System memory in use before: 183.8 MB.
System memory in use after: 184.0 MB.

Unloading 17 unused Assets to reduce memory usage. Loaded Objects now: 4472.
Total: 18.412700 ms (FindLiveObjects: 1.450800 ms CreateObjectMapping: 0.713500 ms MarkObjects: 15.935900 ms  DeleteObjects: 0.308600 ms)

AssetImportParameters requested are different than current active one (requested -> active):
  custom:framework-win-MediaFoundation: 216162199b28c13a410421893ffa2e32 -> 
  custom:video-decoder-ogg-theora: a1e56fd34408186e4bbccfd4996cb3dc -> 
  custom:container-muxer-webm: aa71ff27fc2769a1b78a27578f13a17b -> 
  custom:container-demuxer-webm: 4f35f7cbe854078d1ac9338744f61a02 -> 
  custom:container-demuxer-ogg: 62fdf1f143b41e24485cea50d1cbac27 -> 
  custom:video-encoder-webm-vp8: eb34c28f22e8b96e1ab97ce403110664 -> 
  custom:video-decoder-webm-vp8: 9c59270c3fd7afecdb556c50c9e8de78 -> 
  custom:audio-decoder-ogg-vorbis: bf7c407c2cedff20999df2af8eb42d56 -> 
  custom:audio-encoder-webm-vorbis: bf7c407c2cedff20999df2af8eb42d56 -> 
========================================================================
Received Import Request.
  Time since last request: 323.987048 seconds.
  path: Assets/Prefab Item/Arme/Gun/Gun.prefab
  artifactKey: Guid(137c3216da594934c8725724f45c1be2) Importer(815301076,1909f56bfc062723c751e8b465ee728b)
Start importing Assets/Prefab Item/Arme/Gun/Gun.prefab using Guid(137c3216da594934c8725724f45c1be2) Importer(815301076,1909f56bfc062723c751e8b465ee728b)  -> (artifact id: '86638dbc00e3994dd4eebcad5a8f79ac') in 1.040357 seconds 
  Import took 1.074787 seconds .

========================================================================
Received Prepare
Registering precompiled user dll's ...
Registered in 0.007480 seconds.
Begin MonoManager ReloadAssembly
Native extension for WindowsStandalone target not found
Native extension for WebGL target not found
Refreshing native plugins compatible for Editor in 1.01 ms, found 0 plugins.
Preloading 0 native plugins for Editor in 0.00 ms.
Mono: successfully reloaded assembly
- Completed reload, in  2.325 seconds
Domain Reload Profiling:
	ReloadAssembly (2326ms)
		BeginReloadAssembly (251ms)
			ExecutionOrderSort (0ms)
			DisableScriptedObjects (16ms)
			BackupInstance (0ms)
			ReleaseScriptingObjects (0ms)
			CreateAndSetChildDomain (74ms)
		EndReloadAssembly (1973ms)
			LoadAssemblies (214ms)
			RebuildTransferFunctionScriptingTraits (0ms)
			SetupTypeCache (595ms)
			ReleaseScriptCaches (3ms)
			RebuildScriptCaches (88ms)
			SetupLoadedEditorAssemblies (831ms)
				LogAssemblyErrors (0ms)
				InitializePlatformSupportModulesInManaged (6ms)
				SetLoadedEditorAssemblies (1ms)
				RefreshPlugins (1ms)
				BeforeProcessingInitializeOnLoad (216ms)
				ProcessInitializeOnLoadAttributes (596ms)
				ProcessInitializeOnLoadMethodAttributes (7ms)
				AfterProcessingInitializeOnLoad (3ms)
				EditorAssembliesLoaded (0ms)
			ExecutionOrderSort2 (0ms)
			AwakeInstancesAfterBackupRestoration (30ms)
Platform modules already initialized, skipping
Refreshing native plugins compatible for Editor in 1.36 ms, found 0 plugins.
Preloading 0 native plugins for Editor in 0.00 ms.
Unloading 3664 Unused Serialized files (Serialized files now loaded: 0)
System memory in use before: 183.9 MB.
System memory in use after: 184.1 MB.

Unloading 17 unused Assets to reduce memory usage. Loaded Objects now: 4510.
Total: 7.316600 ms (FindLiveObjects: 0.499600 ms CreateObjectMapping: 0.338500 ms MarkObjects: 6.292800 ms  DeleteObjects: 0.183200 ms)

AssetImportParameters requested are different than current active one (requested -> active):
  custom:framework-win-MediaFoundation: 216162199b28c13a410421893ffa2e32 -> 
  custom:video-decoder-ogg-theora: a1e56fd34408186e4bbccfd4996cb3dc -> 
  custom:container-muxer-webm: aa71ff27fc2769a1b78a27578f13a17b -> 
  custom:container-demuxer-webm: 4f35f7cbe854078d1ac9338744f61a02 -> 
  custom:container-demuxer-ogg: 62fdf1f143b41e24485cea50d1cbac27 -> 
  custom:video-encoder-webm-vp8: eb34c28f22e8b96e1ab97ce403110664 -> 
  custom:video-decoder-webm-vp8: 9c59270c3fd7afecdb556c50c9e8de78 -> 
  custom:audio-decoder-ogg-vorbis: bf7c407c2cedff20999df2af8eb42d56 -> 
  custom:audio-encoder-webm-vorbis: bf7c407c2cedff20999df2af8eb42d56 -> 
========================================================================
Received Prepare
Registering precompiled user dll's ...
Registered in 0.009920 seconds.
Begin MonoManager ReloadAssembly
Native extension for WindowsStandalone target not found
Native extension for WebGL target not found
Refreshing native plugins compatible for Editor in 4.40 ms, found 0 plugins.
Preloading 0 native plugins for Editor in 0.00 ms.
Mono: successfully reloaded assembly
- Completed reload, in  5.818 seconds
Domain Reload Profiling:
	ReloadAssembly (5820ms)
		BeginReloadAssembly (646ms)
			ExecutionOrderSort (0ms)
			DisableScriptedObjects (37ms)
			BackupInstance (0ms)
			ReleaseScriptingObjects (0ms)
			CreateAndSetChildDomain (139ms)
		EndReloadAssembly (4858ms)
			LoadAssemblies (676ms)
			RebuildTransferFunctionScriptingTraits (0ms)
			SetupTypeCache (1566ms)
			ReleaseScriptCaches (6ms)
			RebuildScriptCaches (220ms)
			SetupLoadedEditorAssemblies (1820ms)
				LogAssemblyErrors (0ms)
				InitializePlatformSupportModulesInManaged (29ms)
				SetLoadedEditorAssemblies (4ms)
				RefreshPlugins (5ms)
				BeforeProcessingInitializeOnLoad (332ms)
				ProcessInitializeOnLoadAttributes (1407ms)
				ProcessInitializeOnLoadMethodAttributes (27ms)
				AfterProcessingInitializeOnLoad (15ms)
				EditorAssembliesLoaded (2ms)
			ExecutionOrderSort2 (0ms)
			AwakeInstancesAfterBackupRestoration (88ms)
Platform modules already initialized, skipping
Refreshing native plugins compatible for Editor in 1.76 ms, found 0 plugins.
Preloading 0 native plugins for Editor in 0.00 ms.
Unloading 3664 Unused Serialized files (Serialized files now loaded: 0)
System memory in use before: 183.9 MB.
System memory in use after: 184.1 MB.

Unloading 17 unused Assets to reduce memory usage. Loaded Objects now: 4512.
Total: 14.187200 ms (FindLiveObjects: 0.869200 ms CreateObjectMapping: 0.608100 ms MarkObjects: 12.474300 ms  DeleteObjects: 0.233100 ms)

AssetImportParameters requested are different than current active one (requested -> active):
  custom:framework-win-MediaFoundation: 216162199b28c13a410421893ffa2e32 -> 
  custom:video-decoder-ogg-theora: a1e56fd34408186e4bbccfd4996cb3dc -> 
  custom:container-muxer-webm: aa71ff27fc2769a1b78a27578f13a17b -> 
  custom:container-demuxer-webm: 4f35f7cbe854078d1ac9338744f61a02 -> 
  custom:container-demuxer-ogg: 62fdf1f143b41e24485cea50d1cbac27 -> 
  custom:video-encoder-webm-vp8: eb34c28f22e8b96e1ab97ce403110664 -> 
  custom:video-decoder-webm-vp8: 9c59270c3fd7afecdb556c50c9e8de78 -> 
  custom:audio-decoder-ogg-vorbis: bf7c407c2cedff20999df2af8eb42d56 -> 
  custom:audio-encoder-webm-vorbis: bf7c407c2cedff20999df2af8eb42d56 -> 
========================================================================
Received Import Request.
  Time since last request: 775.569134 seconds.
  path: Assets/Prefab Item/Arme/blade/Blade.prefab
  artifactKey: Guid(ef48c8a5a7cf29a45858b69a97295bc6) Importer(815301076,1909f56bfc062723c751e8b465ee728b)
Start importing Assets/Prefab Item/Arme/blade/Blade.prefab using Guid(ef48c8a5a7cf29a45858b69a97295bc6) Importer(815301076,1909f56bfc062723c751e8b465ee728b)  -> (artifact id: 'ef2654a95f71d61ffd50a8f0c6951f8b') in 1.059390 seconds 
  Import took 1.104617 seconds .

AssetImportWorkerClient::OnTransportError - code=2 error=End of file
